{"D:\\Daihoc\\PhuongPhapPhatTrienPhanMemHuongDoiTuong\\Project\\PMS-BE\\src\\models\\academicaffair.js": {"path":"D:\\Daihoc\\PhuongPhapPhatTrienPhanMemHuongDoiTuong\\Project\\PMS-BE\\src\\models\\academicaffair.js","statementMap":{"0":{"start":{"line":2,"column":18},"end":{"line":2,"column":38}},"1":{"start":{"line":3,"column":0},"end":{"line":29,"column":2}},"2":{"start":{"line":12,"column":6},"end":{"line":12,"column":70}},"3":{"start":{"line":13,"column":6},"end":{"line":13,"column":44}},"4":{"start":{"line":16,"column":2},"end":{"line":27,"column":4}},"5":{"start":{"line":28,"column":2},"end":{"line":28,"column":24}}},"fnMap":{"0":{"name":"(anonymous_0)","decl":{"start":{"line":3,"column":17},"end":{"line":3,"column":18}},"loc":{"start":{"line":3,"column":43},"end":{"line":29,"column":1}},"line":3},"1":{"name":"(anonymous_1)","decl":{"start":{"line":10,"column":4},"end":{"line":10,"column":5}},"loc":{"start":{"line":10,"column":29},"end":{"line":14,"column":5}},"line":10}},"branchMap":{},"s":{"0":1,"1":1,"2":1,"3":1,"4":1,"5":1},"f":{"0":1,"1":1},"b":{},"_coverageSchema":"1a1c01bbd47fc00a2c39e90264f33305004495a9","hash":"41084496bb0d04ab5bacc65e1445e0ed3f6b8d7b"}
,"D:\\Daihoc\\PhuongPhapPhatTrienPhanMemHuongDoiTuong\\Project\\PMS-BE\\src\\models\\account.js": {"path":"D:\\Daihoc\\PhuongPhapPhatTrienPhanMemHuongDoiTuong\\Project\\PMS-BE\\src\\models\\account.js","statementMap":{"0":{"start":{"line":2,"column":18},"end":{"line":2,"column":38}},"1":{"start":{"line":3,"column":0},"end":{"line":29,"column":2}},"2":{"start":{"line":12,"column":6},"end":{"line":12,"column":63}},"3":{"start":{"line":15,"column":2},"end":{"line":27,"column":4}},"4":{"start":{"line":28,"column":2},"end":{"line":28,"column":17}}},"fnMap":{"0":{"name":"(anonymous_0)","decl":{"start":{"line":3,"column":17},"end":{"line":3,"column":18}},"loc":{"start":{"line":3,"column":43},"end":{"line":29,"column":1}},"line":3},"1":{"name":"(anonymous_1)","decl":{"start":{"line":10,"column":4},"end":{"line":10,"column":5}},"loc":{"start":{"line":10,"column":29},"end":{"line":13,"column":5}},"line":10}},"branchMap":{},"s":{"0":1,"1":1,"2":1,"3":1,"4":1},"f":{"0":1,"1":1},"b":{},"_coverageSchema":"1a1c01bbd47fc00a2c39e90264f33305004495a9","hash":"6a83b400edaf5974bbb0f57deeeebc0e0e6302c8"}
,"D:\\Daihoc\\PhuongPhapPhatTrienPhanMemHuongDoiTuong\\Project\\PMS-BE\\src\\models\\announcement.js": {"path":"D:\\Daihoc\\PhuongPhapPhatTrienPhanMemHuongDoiTuong\\Project\\PMS-BE\\src\\models\\announcement.js","statementMap":{"0":{"start":{"line":2,"column":18},"end":{"line":2,"column":38}},"1":{"start":{"line":3,"column":0},"end":{"line":28,"column":2}},"2":{"start":{"line":14,"column":2},"end":{"line":26,"column":4}},"3":{"start":{"line":27,"column":2},"end":{"line":27,"column":22}}},"fnMap":{"0":{"name":"(anonymous_0)","decl":{"start":{"line":3,"column":17},"end":{"line":3,"column":18}},"loc":{"start":{"line":3,"column":43},"end":{"line":28,"column":1}},"line":3},"1":{"name":"(anonymous_1)","decl":{"start":{"line":10,"column":4},"end":{"line":10,"column":5}},"loc":{"start":{"line":10,"column":29},"end":{"line":12,"column":5}},"line":10}},"branchMap":{},"s":{"0":1,"1":1,"2":1,"3":1},"f":{"0":1,"1":1},"b":{},"_coverageSchema":"1a1c01bbd47fc00a2c39e90264f33305004495a9","hash":"e03ead471e0e147b9f66fc6418b04a1acc62c8ea"}
,"D:\\Daihoc\\PhuongPhapPhatTrienPhanMemHuongDoiTuong\\Project\\PMS-BE\\src\\models\\implementation.js": {"path":"D:\\Daihoc\\PhuongPhapPhatTrienPhanMemHuongDoiTuong\\Project\\PMS-BE\\src\\models\\implementation.js","statementMap":{"0":{"start":{"line":2,"column":18},"end":{"line":2,"column":38}},"1":{"start":{"line":3,"column":0},"end":{"line":37,"column":2}},"2":{"start":{"line":12,"column":6},"end":{"line":15,"column":9}},"3":{"start":{"line":16,"column":6},"end":{"line":19,"column":9}},"4":{"start":{"line":20,"column":6},"end":{"line":20,"column":76}},"5":{"start":{"line":23,"column":2},"end":{"line":35,"column":4}},"6":{"start":{"line":36,"column":2},"end":{"line":36,"column":24}}},"fnMap":{"0":{"name":"(anonymous_0)","decl":{"start":{"line":3,"column":17},"end":{"line":3,"column":18}},"loc":{"start":{"line":3,"column":43},"end":{"line":37,"column":1}},"line":3},"1":{"name":"(anonymous_1)","decl":{"start":{"line":10,"column":4},"end":{"line":10,"column":5}},"loc":{"start":{"line":10,"column":29},"end":{"line":21,"column":5}},"line":10}},"branchMap":{},"s":{"0":1,"1":1,"2":1,"3":1,"4":1,"5":1,"6":1},"f":{"0":1,"1":1},"b":{},"_coverageSchema":"1a1c01bbd47fc00a2c39e90264f33305004495a9","hash":"d3fc5854a1832a01974b370f7c49588336dbc386"}
,"D:\\Daihoc\\PhuongPhapPhatTrienPhanMemHuongDoiTuong\\Project\\PMS-BE\\src\\models\\index.js": {"path":"D:\\Daihoc\\PhuongPhapPhatTrienPhanMemHuongDoiTuong\\Project\\PMS-BE\\src\\models\\index.js","statementMap":{"0":{"start":{"line":3,"column":11},"end":{"line":3,"column":24}},"1":{"start":{"line":4,"column":13},"end":{"line":4,"column":28}},"2":{"start":{"line":5,"column":18},"end":{"line":5,"column":38}},"3":{"start":{"line":6,"column":16},"end":{"line":6,"column":34}},"4":{"start":{"line":7,"column":17},"end":{"line":7,"column":42}},"5":{"start":{"line":8,"column":12},"end":{"line":8,"column":49}},"6":{"start":{"line":9,"column":15},"end":{"line":9,"column":65}},"7":{"start":{"line":10,"column":11},"end":{"line":10,"column":13}},"8":{"start":{"line":13,"column":0},"end":{"line":17,"column":1}},"9":{"start":{"line":14,"column":2},"end":{"line":14,"column":74}},"10":{"start":{"line":16,"column":2},"end":{"line":16,"column":87}},"11":{"start":{"line":19,"column":0},"end":{"line":32,"column":5}},"12":{"start":{"line":22,"column":4},"end":{"line":27,"column":6}},"13":{"start":{"line":30,"column":18},"end":{"line":30,"column":85}},"14":{"start":{"line":31,"column":4},"end":{"line":31,"column":27}},"15":{"start":{"line":34,"column":0},"end":{"line":38,"column":3}},"16":{"start":{"line":35,"column":2},"end":{"line":37,"column":3}},"17":{"start":{"line":36,"column":4},"end":{"line":36,"column":32}},"18":{"start":{"line":40,"column":0},"end":{"line":40,"column":25}},"19":{"start":{"line":41,"column":0},"end":{"line":41,"column":25}},"20":{"start":{"line":43,"column":0},"end":{"line":43,"column":20}}},"fnMap":{"0":{"name":"(anonymous_0)","decl":{"start":{"line":21,"column":10},"end":{"line":21,"column":11}},"loc":{"start":{"line":21,"column":18},"end":{"line":28,"column":3}},"line":21},"1":{"name":"(anonymous_1)","decl":{"start":{"line":29,"column":11},"end":{"line":29,"column":12}},"loc":{"start":{"line":29,"column":19},"end":{"line":32,"column":3}},"line":29},"2":{"name":"(anonymous_2)","decl":{"start":{"line":34,"column":24},"end":{"line":34,"column":25}},"loc":{"start":{"line":34,"column":37},"end":{"line":38,"column":1}},"line":34}},"branchMap":{"0":{"loc":{"start":{"line":8,"column":12},"end":{"line":8,"column":49}},"type":"binary-expr","locations":[{"start":{"line":8,"column":12},"end":{"line":8,"column":32}},{"start":{"line":8,"column":36},"end":{"line":8,"column":49}}],"line":8},"1":{"loc":{"start":{"line":13,"column":0},"end":{"line":17,"column":1}},"type":"if","locations":[{"start":{"line":13,"column":0},"end":{"line":17,"column":1}},{"start":{"line":15,"column":7},"end":{"line":17,"column":1}}],"line":13},"2":{"loc":{"start":{"line":23,"column":6},"end":{"line":26,"column":37}},"type":"binary-expr","locations":[{"start":{"line":23,"column":6},"end":{"line":23,"column":29}},{"start":{"line":24,"column":6},"end":{"line":24,"column":23}},{"start":{"line":25,"column":6},"end":{"line":25,"column":30}},{"start":{"line":26,"column":6},"end":{"line":26,"column":37}}],"line":23},"3":{"loc":{"start":{"line":35,"column":2},"end":{"line":37,"column":3}},"type":"if","locations":[{"start":{"line":35,"column":2},"end":{"line":37,"column":3}},{"start":{},"end":{}}],"line":35}},"s":{"0":1,"1":1,"2":1,"3":1,"4":1,"5":1,"6":1,"7":1,"8":1,"9":0,"10":1,"11":1,"12":10,"13":9,"14":9,"15":1,"16":9,"17":9,"18":1,"19":1,"20":1},"f":{"0":10,"1":9,"2":9},"b":{"0":[1,0],"1":[0,1],"2":[10,10,9,9],"3":[9,0]},"_coverageSchema":"1a1c01bbd47fc00a2c39e90264f33305004495a9","hash":"6d306ad7a91f306c6686cdce6a470532033bc905"}
,"D:\\Daihoc\\PhuongPhapPhatTrienPhanMemHuongDoiTuong\\Project\\PMS-BE\\src\\models\\project.js": {"path":"D:\\Daihoc\\PhuongPhapPhatTrienPhanMemHuongDoiTuong\\Project\\PMS-BE\\src\\models\\project.js","statementMap":{"0":{"start":{"line":2,"column":18},"end":{"line":2,"column":38}},"1":{"start":{"line":3,"column":0},"end":{"line":33,"column":2}},"2":{"start":{"line":12,"column":6},"end":{"line":12,"column":69}},"3":{"start":{"line":13,"column":6},"end":{"line":13,"column":44}},"4":{"start":{"line":16,"column":2},"end":{"line":31,"column":4}},"5":{"start":{"line":32,"column":2},"end":{"line":32,"column":17}}},"fnMap":{"0":{"name":"(anonymous_0)","decl":{"start":{"line":3,"column":17},"end":{"line":3,"column":18}},"loc":{"start":{"line":3,"column":43},"end":{"line":33,"column":1}},"line":3},"1":{"name":"(anonymous_1)","decl":{"start":{"line":10,"column":4},"end":{"line":10,"column":5}},"loc":{"start":{"line":10,"column":29},"end":{"line":14,"column":5}},"line":10}},"branchMap":{},"s":{"0":1,"1":1,"2":1,"3":1,"4":1,"5":1},"f":{"0":1,"1":1},"b":{},"_coverageSchema":"1a1c01bbd47fc00a2c39e90264f33305004495a9","hash":"51fa272f6f5976f8984bc4c981c2a2d887deb009"}
,"D:\\Daihoc\\PhuongPhapPhatTrienPhanMemHuongDoiTuong\\Project\\PMS-BE\\src\\models\\report.js": {"path":"D:\\Daihoc\\PhuongPhapPhatTrienPhanMemHuongDoiTuong\\Project\\PMS-BE\\src\\models\\report.js","statementMap":{"0":{"start":{"line":2,"column":18},"end":{"line":2,"column":38}},"1":{"start":{"line":3,"column":0},"end":{"line":29,"column":2}},"2":{"start":{"line":12,"column":6},"end":{"line":12,"column":74}},"3":{"start":{"line":15,"column":2},"end":{"line":27,"column":4}},"4":{"start":{"line":28,"column":2},"end":{"line":28,"column":16}}},"fnMap":{"0":{"name":"(anonymous_0)","decl":{"start":{"line":3,"column":17},"end":{"line":3,"column":18}},"loc":{"start":{"line":3,"column":43},"end":{"line":29,"column":1}},"line":3},"1":{"name":"(anonymous_1)","decl":{"start":{"line":10,"column":4},"end":{"line":10,"column":5}},"loc":{"start":{"line":10,"column":29},"end":{"line":13,"column":5}},"line":10}},"branchMap":{},"s":{"0":1,"1":1,"2":1,"3":1,"4":1},"f":{"0":1,"1":1},"b":{},"_coverageSchema":"1a1c01bbd47fc00a2c39e90264f33305004495a9","hash":"4a0ae714b551f907fee0284ce8ea06b268caf22f"}
,"D:\\Daihoc\\PhuongPhapPhatTrienPhanMemHuongDoiTuong\\Project\\PMS-BE\\src\\models\\student.js": {"path":"D:\\Daihoc\\PhuongPhapPhatTrienPhanMemHuongDoiTuong\\Project\\PMS-BE\\src\\models\\student.js","statementMap":{"0":{"start":{"line":2,"column":18},"end":{"line":2,"column":38}},"1":{"start":{"line":3,"column":0},"end":{"line":30,"column":2}},"2":{"start":{"line":12,"column":6},"end":{"line":12,"column":63}},"3":{"start":{"line":13,"column":6},"end":{"line":13,"column":45}},"4":{"start":{"line":16,"column":2},"end":{"line":28,"column":4}},"5":{"start":{"line":29,"column":2},"end":{"line":29,"column":17}}},"fnMap":{"0":{"name":"(anonymous_0)","decl":{"start":{"line":3,"column":17},"end":{"line":3,"column":18}},"loc":{"start":{"line":3,"column":43},"end":{"line":30,"column":1}},"line":3},"1":{"name":"(anonymous_1)","decl":{"start":{"line":10,"column":4},"end":{"line":10,"column":5}},"loc":{"start":{"line":10,"column":29},"end":{"line":14,"column":5}},"line":10}},"branchMap":{},"s":{"0":1,"1":1,"2":1,"3":1,"4":1,"5":1},"f":{"0":1,"1":1},"b":{},"_coverageSchema":"1a1c01bbd47fc00a2c39e90264f33305004495a9","hash":"5f8eb721ee4c1dc4f1ae77a3ea470335a3e02d46"}
,"D:\\Daihoc\\PhuongPhapPhatTrienPhanMemHuongDoiTuong\\Project\\PMS-BE\\src\\models\\teacher.js": {"path":"D:\\Daihoc\\PhuongPhapPhatTrienPhanMemHuongDoiTuong\\Project\\PMS-BE\\src\\models\\teacher.js","statementMap":{"0":{"start":{"line":2,"column":18},"end":{"line":2,"column":38}},"1":{"start":{"line":3,"column":0},"end":{"line":29,"column":2}},"2":{"start":{"line":12,"column":6},"end":{"line":12,"column":63}},"3":{"start":{"line":13,"column":6},"end":{"line":13,"column":38}},"4":{"start":{"line":16,"column":2},"end":{"line":27,"column":4}},"5":{"start":{"line":28,"column":2},"end":{"line":28,"column":17}}},"fnMap":{"0":{"name":"(anonymous_0)","decl":{"start":{"line":3,"column":17},"end":{"line":3,"column":18}},"loc":{"start":{"line":3,"column":43},"end":{"line":29,"column":1}},"line":3},"1":{"name":"(anonymous_1)","decl":{"start":{"line":10,"column":4},"end":{"line":10,"column":5}},"loc":{"start":{"line":10,"column":29},"end":{"line":14,"column":5}},"line":10}},"branchMap":{},"s":{"0":1,"1":1,"2":1,"3":1,"4":1,"5":1},"f":{"0":1,"1":1},"b":{},"_coverageSchema":"1a1c01bbd47fc00a2c39e90264f33305004495a9","hash":"33dc97287f6beb219f50830976d096f8f3c124db"}
,"D:\\Daihoc\\PhuongPhapPhatTrienPhanMemHuongDoiTuong\\Project\\PMS-BE\\src\\models\\user.js": {"path":"D:\\Daihoc\\PhuongPhapPhatTrienPhanMemHuongDoiTuong\\Project\\PMS-BE\\src\\models\\user.js","statementMap":{"0":{"start":{"line":2,"column":18},"end":{"line":2,"column":38}},"1":{"start":{"line":3,"column":0},"end":{"line":31,"column":2}},"2":{"start":{"line":12,"column":6},"end":{"line":12,"column":34}},"3":{"start":{"line":13,"column":6},"end":{"line":13,"column":78}},"4":{"start":{"line":14,"column":6},"end":{"line":14,"column":71}},"5":{"start":{"line":15,"column":6},"end":{"line":15,"column":71}},"6":{"start":{"line":18,"column":2},"end":{"line":29,"column":4}},"7":{"start":{"line":30,"column":2},"end":{"line":30,"column":14}}},"fnMap":{"0":{"name":"(anonymous_0)","decl":{"start":{"line":3,"column":17},"end":{"line":3,"column":18}},"loc":{"start":{"line":3,"column":43},"end":{"line":31,"column":1}},"line":3},"1":{"name":"(anonymous_1)","decl":{"start":{"line":10,"column":4},"end":{"line":10,"column":5}},"loc":{"start":{"line":10,"column":29},"end":{"line":16,"column":5}},"line":10}},"branchMap":{},"s":{"0":1,"1":1,"2":1,"3":1,"4":1,"5":1,"6":1,"7":1},"f":{"0":1,"1":1},"b":{},"_coverageSchema":"1a1c01bbd47fc00a2c39e90264f33305004495a9","hash":"aa704219aa8e8903e649c11cd91debadeb69f367"}
,"D:\\Daihoc\\PhuongPhapPhatTrienPhanMemHuongDoiTuong\\Project\\PMS-BE\\src\\service\\AnnouncementService.js": {"path":"D:\\Daihoc\\PhuongPhapPhatTrienPhanMemHuongDoiTuong\\Project\\PMS-BE\\src\\service\\AnnouncementService.js","statementMap":{"0":{"start":{"line":3,"column":28},"end":{"line":29,"column":1}},"1":{"start":{"line":4,"column":2},"end":{"line":28,"column":3}},"2":{"start":{"line":5,"column":27},"end":{"line":16,"column":6}},"3":{"start":{"line":17,"column":4},"end":{"line":21,"column":6}},"4":{"start":{"line":23,"column":4},"end":{"line":27,"column":6}},"5":{"start":{"line":31,"column":28},"end":{"line":59,"column":1}},"6":{"start":{"line":32,"column":2},"end":{"line":58,"column":3}},"7":{"start":{"line":33,"column":23},"end":{"line":45,"column":6}},"8":{"start":{"line":47,"column":4},"end":{"line":51,"column":6}},"9":{"start":{"line":53,"column":4},"end":{"line":57,"column":6}},"10":{"start":{"line":61,"column":34},"end":{"line":105,"column":1}},"11":{"start":{"line":62,"column":2},"end":{"line":104,"column":3}},"12":{"start":{"line":63,"column":17},"end":{"line":63,"column":35}},"13":{"start":{"line":64,"column":28},"end":{"line":84,"column":6}},"14":{"start":{"line":86,"column":20},"end":{"line":86,"column":44}},"15":{"start":{"line":87,"column":15},"end":{"line":91,"column":5}},"16":{"start":{"line":93,"column":4},"end":{"line":97,"column":6}},"17":{"start":{"line":99,"column":4},"end":{"line":103,"column":6}},"18":{"start":{"line":107,"column":27},"end":{"line":157,"column":1}},"19":{"start":{"line":108,"column":2},"end":{"line":156,"column":3}},"20":{"start":{"line":117,"column":4},"end":{"line":121,"column":6}},"21":{"start":{"line":122,"column":7},"end":{"line":156,"column":3}},"22":{"start":{"line":128,"column":4},"end":{"line":132,"column":6}},"23":{"start":{"line":134,"column":4},"end":{"line":155,"column":5}},"24":{"start":{"line":135,"column":26},"end":{"line":135,"column":36}},"25":{"start":{"line":136,"column":6},"end":{"line":142,"column":9}},"26":{"start":{"line":144,"column":6},"end":{"line":148,"column":8}},"27":{"start":{"line":150,"column":6},"end":{"line":154,"column":8}},"28":{"start":{"line":159,"column":27},"end":{"line":185,"column":1}},"29":{"start":{"line":160,"column":2},"end":{"line":184,"column":3}},"30":{"start":{"line":161,"column":25},"end":{"line":163,"column":6}},"31":{"start":{"line":164,"column":24},"end":{"line":164,"column":34}},"32":{"start":{"line":165,"column":4},"end":{"line":172,"column":5}},"33":{"start":{"line":166,"column":6},"end":{"line":171,"column":9}},"34":{"start":{"line":173,"column":4},"end":{"line":177,"column":6}},"35":{"start":{"line":179,"column":4},"end":{"line":183,"column":6}},"36":{"start":{"line":187,"column":27},"end":{"line":206,"column":1}},"37":{"start":{"line":188,"column":2},"end":{"line":205,"column":3}},"38":{"start":{"line":189,"column":4},"end":{"line":193,"column":7}},"39":{"start":{"line":194,"column":4},"end":{"line":198,"column":6}},"40":{"start":{"line":200,"column":4},"end":{"line":204,"column":6}},"41":{"start":{"line":208,"column":0},"end":{"line":215,"column":2}}},"fnMap":{"0":{"name":"(anonymous_0)","decl":{"start":{"line":3,"column":28},"end":{"line":3,"column":29}},"loc":{"start":{"line":3,"column":40},"end":{"line":29,"column":1}},"line":3},"1":{"name":"(anonymous_1)","decl":{"start":{"line":31,"column":28},"end":{"line":31,"column":29}},"loc":{"start":{"line":31,"column":42},"end":{"line":59,"column":1}},"line":31},"2":{"name":"(anonymous_2)","decl":{"start":{"line":61,"column":34},"end":{"line":61,"column":35}},"loc":{"start":{"line":61,"column":70},"end":{"line":105,"column":1}},"line":61},"3":{"name":"(anonymous_3)","decl":{"start":{"line":107,"column":27},"end":{"line":107,"column":28}},"loc":{"start":{"line":107,"column":46},"end":{"line":157,"column":1}},"line":107},"4":{"name":"(anonymous_4)","decl":{"start":{"line":159,"column":27},"end":{"line":159,"column":28}},"loc":{"start":{"line":159,"column":67},"end":{"line":185,"column":1}},"line":159},"5":{"name":"(anonymous_5)","decl":{"start":{"line":187,"column":27},"end":{"line":187,"column":28}},"loc":{"start":{"line":187,"column":54},"end":{"line":206,"column":1}},"line":187}},"branchMap":{"0":{"loc":{"start":{"line":61,"column":54},"end":{"line":61,"column":65}},"type":"default-arg","locations":[{"start":{"line":61,"column":63},"end":{"line":61,"column":65}}],"line":61},"1":{"loc":{"start":{"line":108,"column":2},"end":{"line":156,"column":3}},"type":"if","locations":[{"start":{"line":108,"column":2},"end":{"line":156,"column":3}},{"start":{"line":122,"column":7},"end":{"line":156,"column":3}}],"line":108},"2":{"loc":{"start":{"line":109,"column":4},"end":{"line":115,"column":27}},"type":"binary-expr","locations":[{"start":{"line":109,"column":4},"end":{"line":109,"column":34}},{"start":{"line":110,"column":4},"end":{"line":110,"column":40}},{"start":{"line":111,"column":4},"end":{"line":111,"column":42}},{"start":{"line":112,"column":4},"end":{"line":112,"column":43}},{"start":{"line":113,"column":4},"end":{"line":113,"column":24}},{"start":{"line":114,"column":4},"end":{"line":114,"column":26}},{"start":{"line":115,"column":4},"end":{"line":115,"column":27}}],"line":109},"3":{"loc":{"start":{"line":122,"column":7},"end":{"line":156,"column":3}},"type":"if","locations":[{"start":{"line":122,"column":7},"end":{"line":156,"column":3}},{"start":{"line":133,"column":7},"end":{"line":156,"column":3}}],"line":122},"4":{"loc":{"start":{"line":123,"column":4},"end":{"line":126,"column":41}},"type":"binary-expr","locations":[{"start":{"line":123,"column":4},"end":{"line":123,"column":31}},{"start":{"line":124,"column":4},"end":{"line":124,"column":37}},{"start":{"line":125,"column":4},"end":{"line":125,"column":39}},{"start":{"line":126,"column":4},"end":{"line":126,"column":41}}],"line":123},"5":{"loc":{"start":{"line":165,"column":4},"end":{"line":172,"column":5}},"type":"if","locations":[{"start":{"line":165,"column":4},"end":{"line":172,"column":5}},{"start":{},"end":{}}],"line":165}},"s":{"0":1,"1":0,"2":0,"3":0,"4":0,"5":1,"6":0,"7":0,"8":0,"9":0,"10":1,"11":0,"12":0,"13":0,"14":0,"15":0,"16":0,"17":0,"18":1,"19":33,"20":14,"21":19,"22":17,"23":2,"24":2,"25":2,"26":2,"27":0,"28":1,"29":0,"30":0,"31":0,"32":0,"33":0,"34":0,"35":0,"36":1,"37":2,"38":2,"39":2,"40":0,"41":1},"f":{"0":0,"1":0,"2":0,"3":33,"4":0,"5":2},"b":{"0":[0],"1":[14,19],"2":[33,33,29,27,26,22,20],"3":[17,2],"4":[19,19,9,4],"5":[0,0]},"_coverageSchema":"1a1c01bbd47fc00a2c39e90264f33305004495a9","hash":"bc4be543c79453d8b7011dfa308f355778944336"}
}
