{"D:\\Daihoc\\PhuongPhapPhatTrienPhanMemHuongDoiTuong\\Project\\PMS-BE\\src\\models\\academicaffair.js": {"path":"D:\\Daihoc\\PhuongPhapPhatTrienPhanMemHuongDoiTuong\\Project\\PMS-BE\\src\\models\\academicaffair.js","statementMap":{"0":{"start":{"line":2,"column":18},"end":{"line":2,"column":38}},"1":{"start":{"line":3,"column":0},"end":{"line":29,"column":2}},"2":{"start":{"line":12,"column":6},"end":{"line":12,"column":70}},"3":{"start":{"line":13,"column":6},"end":{"line":13,"column":44}},"4":{"start":{"line":16,"column":2},"end":{"line":27,"column":4}},"5":{"start":{"line":28,"column":2},"end":{"line":28,"column":24}}},"fnMap":{"0":{"name":"(anonymous_0)","decl":{"start":{"line":3,"column":17},"end":{"line":3,"column":18}},"loc":{"start":{"line":3,"column":43},"end":{"line":29,"column":1}},"line":3},"1":{"name":"(anonymous_1)","decl":{"start":{"line":10,"column":4},"end":{"line":10,"column":5}},"loc":{"start":{"line":10,"column":29},"end":{"line":14,"column":5}},"line":10}},"branchMap":{},"s":{"0":3,"1":3,"2":3,"3":3,"4":3,"5":3},"f":{"0":3,"1":3},"b":{},"_coverageSchema":"1a1c01bbd47fc00a2c39e90264f33305004495a9","hash":"41084496bb0d04ab5bacc65e1445e0ed3f6b8d7b"}
,"D:\\Daihoc\\PhuongPhapPhatTrienPhanMemHuongDoiTuong\\Project\\PMS-BE\\src\\models\\account.js": {"path":"D:\\Daihoc\\PhuongPhapPhatTrienPhanMemHuongDoiTuong\\Project\\PMS-BE\\src\\models\\account.js","statementMap":{"0":{"start":{"line":2,"column":18},"end":{"line":2,"column":38}},"1":{"start":{"line":3,"column":0},"end":{"line":29,"column":2}},"2":{"start":{"line":12,"column":6},"end":{"line":12,"column":63}},"3":{"start":{"line":15,"column":2},"end":{"line":27,"column":4}},"4":{"start":{"line":28,"column":2},"end":{"line":28,"column":17}}},"fnMap":{"0":{"name":"(anonymous_0)","decl":{"start":{"line":3,"column":17},"end":{"line":3,"column":18}},"loc":{"start":{"line":3,"column":43},"end":{"line":29,"column":1}},"line":3},"1":{"name":"(anonymous_1)","decl":{"start":{"line":10,"column":4},"end":{"line":10,"column":5}},"loc":{"start":{"line":10,"column":29},"end":{"line":13,"column":5}},"line":10}},"branchMap":{},"s":{"0":3,"1":3,"2":3,"3":3,"4":3},"f":{"0":3,"1":3},"b":{},"_coverageSchema":"1a1c01bbd47fc00a2c39e90264f33305004495a9","hash":"6a83b400edaf5974bbb0f57deeeebc0e0e6302c8"}
,"D:\\Daihoc\\PhuongPhapPhatTrienPhanMemHuongDoiTuong\\Project\\PMS-BE\\src\\models\\announcement.js": {"path":"D:\\Daihoc\\PhuongPhapPhatTrienPhanMemHuongDoiTuong\\Project\\PMS-BE\\src\\models\\announcement.js","statementMap":{"0":{"start":{"line":2,"column":18},"end":{"line":2,"column":38}},"1":{"start":{"line":3,"column":0},"end":{"line":28,"column":2}},"2":{"start":{"line":14,"column":2},"end":{"line":26,"column":4}},"3":{"start":{"line":27,"column":2},"end":{"line":27,"column":22}}},"fnMap":{"0":{"name":"(anonymous_0)","decl":{"start":{"line":3,"column":17},"end":{"line":3,"column":18}},"loc":{"start":{"line":3,"column":43},"end":{"line":28,"column":1}},"line":3},"1":{"name":"(anonymous_1)","decl":{"start":{"line":10,"column":4},"end":{"line":10,"column":5}},"loc":{"start":{"line":10,"column":29},"end":{"line":12,"column":5}},"line":10}},"branchMap":{},"s":{"0":3,"1":3,"2":3,"3":3},"f":{"0":3,"1":3},"b":{},"_coverageSchema":"1a1c01bbd47fc00a2c39e90264f33305004495a9","hash":"e03ead471e0e147b9f66fc6418b04a1acc62c8ea"}
,"D:\\Daihoc\\PhuongPhapPhatTrienPhanMemHuongDoiTuong\\Project\\PMS-BE\\src\\models\\implementation.js": {"path":"D:\\Daihoc\\PhuongPhapPhatTrienPhanMemHuongDoiTuong\\Project\\PMS-BE\\src\\models\\implementation.js","statementMap":{"0":{"start":{"line":2,"column":18},"end":{"line":2,"column":38}},"1":{"start":{"line":3,"column":0},"end":{"line":37,"column":2}},"2":{"start":{"line":12,"column":6},"end":{"line":15,"column":9}},"3":{"start":{"line":16,"column":6},"end":{"line":19,"column":9}},"4":{"start":{"line":20,"column":6},"end":{"line":20,"column":76}},"5":{"start":{"line":23,"column":2},"end":{"line":35,"column":4}},"6":{"start":{"line":36,"column":2},"end":{"line":36,"column":24}}},"fnMap":{"0":{"name":"(anonymous_0)","decl":{"start":{"line":3,"column":17},"end":{"line":3,"column":18}},"loc":{"start":{"line":3,"column":43},"end":{"line":37,"column":1}},"line":3},"1":{"name":"(anonymous_1)","decl":{"start":{"line":10,"column":4},"end":{"line":10,"column":5}},"loc":{"start":{"line":10,"column":29},"end":{"line":21,"column":5}},"line":10}},"branchMap":{},"s":{"0":3,"1":3,"2":3,"3":3,"4":3,"5":3,"6":3},"f":{"0":3,"1":3},"b":{},"_coverageSchema":"1a1c01bbd47fc00a2c39e90264f33305004495a9","hash":"d3fc5854a1832a01974b370f7c49588336dbc386"}
,"D:\\Daihoc\\PhuongPhapPhatTrienPhanMemHuongDoiTuong\\Project\\PMS-BE\\src\\models\\index.js": {"path":"D:\\Daihoc\\PhuongPhapPhatTrienPhanMemHuongDoiTuong\\Project\\PMS-BE\\src\\models\\index.js","statementMap":{"0":{"start":{"line":3,"column":11},"end":{"line":3,"column":24}},"1":{"start":{"line":4,"column":13},"end":{"line":4,"column":28}},"2":{"start":{"line":5,"column":18},"end":{"line":5,"column":38}},"3":{"start":{"line":6,"column":16},"end":{"line":6,"column":34}},"4":{"start":{"line":7,"column":17},"end":{"line":7,"column":42}},"5":{"start":{"line":8,"column":12},"end":{"line":8,"column":49}},"6":{"start":{"line":9,"column":15},"end":{"line":9,"column":65}},"7":{"start":{"line":10,"column":11},"end":{"line":10,"column":13}},"8":{"start":{"line":13,"column":0},"end":{"line":17,"column":1}},"9":{"start":{"line":14,"column":2},"end":{"line":14,"column":74}},"10":{"start":{"line":16,"column":2},"end":{"line":16,"column":87}},"11":{"start":{"line":19,"column":0},"end":{"line":32,"column":5}},"12":{"start":{"line":22,"column":4},"end":{"line":27,"column":6}},"13":{"start":{"line":30,"column":18},"end":{"line":30,"column":85}},"14":{"start":{"line":31,"column":4},"end":{"line":31,"column":27}},"15":{"start":{"line":34,"column":0},"end":{"line":38,"column":3}},"16":{"start":{"line":35,"column":2},"end":{"line":37,"column":3}},"17":{"start":{"line":36,"column":4},"end":{"line":36,"column":32}},"18":{"start":{"line":40,"column":0},"end":{"line":40,"column":25}},"19":{"start":{"line":41,"column":0},"end":{"line":41,"column":25}},"20":{"start":{"line":43,"column":0},"end":{"line":43,"column":20}}},"fnMap":{"0":{"name":"(anonymous_0)","decl":{"start":{"line":21,"column":10},"end":{"line":21,"column":11}},"loc":{"start":{"line":21,"column":18},"end":{"line":28,"column":3}},"line":21},"1":{"name":"(anonymous_1)","decl":{"start":{"line":29,"column":11},"end":{"line":29,"column":12}},"loc":{"start":{"line":29,"column":19},"end":{"line":32,"column":3}},"line":29},"2":{"name":"(anonymous_2)","decl":{"start":{"line":34,"column":24},"end":{"line":34,"column":25}},"loc":{"start":{"line":34,"column":37},"end":{"line":38,"column":1}},"line":34}},"branchMap":{"0":{"loc":{"start":{"line":8,"column":12},"end":{"line":8,"column":49}},"type":"binary-expr","locations":[{"start":{"line":8,"column":12},"end":{"line":8,"column":32}},{"start":{"line":8,"column":36},"end":{"line":8,"column":49}}],"line":8},"1":{"loc":{"start":{"line":13,"column":0},"end":{"line":17,"column":1}},"type":"if","locations":[{"start":{"line":13,"column":0},"end":{"line":17,"column":1}},{"start":{"line":15,"column":7},"end":{"line":17,"column":1}}],"line":13},"2":{"loc":{"start":{"line":23,"column":6},"end":{"line":26,"column":37}},"type":"binary-expr","locations":[{"start":{"line":23,"column":6},"end":{"line":23,"column":29}},{"start":{"line":24,"column":6},"end":{"line":24,"column":23}},{"start":{"line":25,"column":6},"end":{"line":25,"column":30}},{"start":{"line":26,"column":6},"end":{"line":26,"column":37}}],"line":23},"3":{"loc":{"start":{"line":35,"column":2},"end":{"line":37,"column":3}},"type":"if","locations":[{"start":{"line":35,"column":2},"end":{"line":37,"column":3}},{"start":{},"end":{}}],"line":35}},"s":{"0":3,"1":3,"2":3,"3":3,"4":3,"5":3,"6":3,"7":3,"8":3,"9":0,"10":3,"11":3,"12":33,"13":30,"14":30,"15":3,"16":30,"17":30,"18":3,"19":3,"20":3},"f":{"0":33,"1":30,"2":30},"b":{"0":[3,0],"1":[0,3],"2":[33,33,30,30],"3":[30,0]},"_coverageSchema":"1a1c01bbd47fc00a2c39e90264f33305004495a9","hash":"6d306ad7a91f306c6686cdce6a470532033bc905"}
,"D:\\Daihoc\\PhuongPhapPhatTrienPhanMemHuongDoiTuong\\Project\\PMS-BE\\src\\models\\jwtdata.js": {"path":"D:\\Daihoc\\PhuongPhapPhatTrienPhanMemHuongDoiTuong\\Project\\PMS-BE\\src\\models\\jwtdata.js","statementMap":{"0":{"start":{"line":4,"column":4},"end":{"line":4,"column":24}},"1":{"start":{"line":5,"column":0},"end":{"line":23,"column":2}},"2":{"start":{"line":16,"column":2},"end":{"line":21,"column":5}},"3":{"start":{"line":22,"column":2},"end":{"line":22,"column":17}}},"fnMap":{"0":{"name":"(anonymous_0)","decl":{"start":{"line":5,"column":17},"end":{"line":5,"column":18}},"loc":{"start":{"line":5,"column":43},"end":{"line":23,"column":1}},"line":5},"1":{"name":"(anonymous_1)","decl":{"start":{"line":12,"column":4},"end":{"line":12,"column":5}},"loc":{"start":{"line":12,"column":29},"end":{"line":14,"column":5}},"line":12}},"branchMap":{},"s":{"0":3,"1":3,"2":3,"3":3},"f":{"0":3,"1":3},"b":{},"_coverageSchema":"1a1c01bbd47fc00a2c39e90264f33305004495a9","hash":"89a78ec9853b7ece45cab5def59c41bc4d7d92d6"}
,"D:\\Daihoc\\PhuongPhapPhatTrienPhanMemHuongDoiTuong\\Project\\PMS-BE\\src\\models\\project.js": {"path":"D:\\Daihoc\\PhuongPhapPhatTrienPhanMemHuongDoiTuong\\Project\\PMS-BE\\src\\models\\project.js","statementMap":{"0":{"start":{"line":2,"column":18},"end":{"line":2,"column":38}},"1":{"start":{"line":3,"column":0},"end":{"line":33,"column":2}},"2":{"start":{"line":12,"column":6},"end":{"line":12,"column":69}},"3":{"start":{"line":13,"column":6},"end":{"line":13,"column":44}},"4":{"start":{"line":16,"column":2},"end":{"line":31,"column":4}},"5":{"start":{"line":32,"column":2},"end":{"line":32,"column":17}}},"fnMap":{"0":{"name":"(anonymous_0)","decl":{"start":{"line":3,"column":17},"end":{"line":3,"column":18}},"loc":{"start":{"line":3,"column":43},"end":{"line":33,"column":1}},"line":3},"1":{"name":"(anonymous_1)","decl":{"start":{"line":10,"column":4},"end":{"line":10,"column":5}},"loc":{"start":{"line":10,"column":29},"end":{"line":14,"column":5}},"line":10}},"branchMap":{},"s":{"0":3,"1":3,"2":3,"3":3,"4":3,"5":3},"f":{"0":3,"1":3},"b":{},"_coverageSchema":"1a1c01bbd47fc00a2c39e90264f33305004495a9","hash":"51fa272f6f5976f8984bc4c981c2a2d887deb009"}
,"D:\\Daihoc\\PhuongPhapPhatTrienPhanMemHuongDoiTuong\\Project\\PMS-BE\\src\\models\\report.js": {"path":"D:\\Daihoc\\PhuongPhapPhatTrienPhanMemHuongDoiTuong\\Project\\PMS-BE\\src\\models\\report.js","statementMap":{"0":{"start":{"line":2,"column":18},"end":{"line":2,"column":38}},"1":{"start":{"line":3,"column":0},"end":{"line":29,"column":2}},"2":{"start":{"line":12,"column":6},"end":{"line":12,"column":74}},"3":{"start":{"line":15,"column":2},"end":{"line":27,"column":4}},"4":{"start":{"line":28,"column":2},"end":{"line":28,"column":16}}},"fnMap":{"0":{"name":"(anonymous_0)","decl":{"start":{"line":3,"column":17},"end":{"line":3,"column":18}},"loc":{"start":{"line":3,"column":43},"end":{"line":29,"column":1}},"line":3},"1":{"name":"(anonymous_1)","decl":{"start":{"line":10,"column":4},"end":{"line":10,"column":5}},"loc":{"start":{"line":10,"column":29},"end":{"line":13,"column":5}},"line":10}},"branchMap":{},"s":{"0":3,"1":3,"2":3,"3":3,"4":3},"f":{"0":3,"1":3},"b":{},"_coverageSchema":"1a1c01bbd47fc00a2c39e90264f33305004495a9","hash":"4a0ae714b551f907fee0284ce8ea06b268caf22f"}
,"D:\\Daihoc\\PhuongPhapPhatTrienPhanMemHuongDoiTuong\\Project\\PMS-BE\\src\\models\\student.js": {"path":"D:\\Daihoc\\PhuongPhapPhatTrienPhanMemHuongDoiTuong\\Project\\PMS-BE\\src\\models\\student.js","statementMap":{"0":{"start":{"line":2,"column":18},"end":{"line":2,"column":38}},"1":{"start":{"line":3,"column":0},"end":{"line":30,"column":2}},"2":{"start":{"line":12,"column":6},"end":{"line":12,"column":63}},"3":{"start":{"line":13,"column":6},"end":{"line":13,"column":45}},"4":{"start":{"line":16,"column":2},"end":{"line":28,"column":4}},"5":{"start":{"line":29,"column":2},"end":{"line":29,"column":17}}},"fnMap":{"0":{"name":"(anonymous_0)","decl":{"start":{"line":3,"column":17},"end":{"line":3,"column":18}},"loc":{"start":{"line":3,"column":43},"end":{"line":30,"column":1}},"line":3},"1":{"name":"(anonymous_1)","decl":{"start":{"line":10,"column":4},"end":{"line":10,"column":5}},"loc":{"start":{"line":10,"column":29},"end":{"line":14,"column":5}},"line":10}},"branchMap":{},"s":{"0":3,"1":3,"2":3,"3":3,"4":3,"5":3},"f":{"0":3,"1":3},"b":{},"_coverageSchema":"1a1c01bbd47fc00a2c39e90264f33305004495a9","hash":"5f8eb721ee4c1dc4f1ae77a3ea470335a3e02d46"}
,"D:\\Daihoc\\PhuongPhapPhatTrienPhanMemHuongDoiTuong\\Project\\PMS-BE\\src\\models\\teacher.js": {"path":"D:\\Daihoc\\PhuongPhapPhatTrienPhanMemHuongDoiTuong\\Project\\PMS-BE\\src\\models\\teacher.js","statementMap":{"0":{"start":{"line":2,"column":18},"end":{"line":2,"column":38}},"1":{"start":{"line":3,"column":0},"end":{"line":29,"column":2}},"2":{"start":{"line":12,"column":6},"end":{"line":12,"column":63}},"3":{"start":{"line":13,"column":6},"end":{"line":13,"column":38}},"4":{"start":{"line":16,"column":2},"end":{"line":27,"column":4}},"5":{"start":{"line":28,"column":2},"end":{"line":28,"column":17}}},"fnMap":{"0":{"name":"(anonymous_0)","decl":{"start":{"line":3,"column":17},"end":{"line":3,"column":18}},"loc":{"start":{"line":3,"column":43},"end":{"line":29,"column":1}},"line":3},"1":{"name":"(anonymous_1)","decl":{"start":{"line":10,"column":4},"end":{"line":10,"column":5}},"loc":{"start":{"line":10,"column":29},"end":{"line":14,"column":5}},"line":10}},"branchMap":{},"s":{"0":3,"1":3,"2":3,"3":3,"4":3,"5":3},"f":{"0":3,"1":3},"b":{},"_coverageSchema":"1a1c01bbd47fc00a2c39e90264f33305004495a9","hash":"33dc97287f6beb219f50830976d096f8f3c124db"}
,"D:\\Daihoc\\PhuongPhapPhatTrienPhanMemHuongDoiTuong\\Project\\PMS-BE\\src\\models\\user.js": {"path":"D:\\Daihoc\\PhuongPhapPhatTrienPhanMemHuongDoiTuong\\Project\\PMS-BE\\src\\models\\user.js","statementMap":{"0":{"start":{"line":2,"column":18},"end":{"line":2,"column":38}},"1":{"start":{"line":3,"column":0},"end":{"line":31,"column":2}},"2":{"start":{"line":12,"column":6},"end":{"line":12,"column":34}},"3":{"start":{"line":13,"column":6},"end":{"line":13,"column":78}},"4":{"start":{"line":14,"column":6},"end":{"line":14,"column":71}},"5":{"start":{"line":15,"column":6},"end":{"line":15,"column":71}},"6":{"start":{"line":18,"column":2},"end":{"line":29,"column":4}},"7":{"start":{"line":30,"column":2},"end":{"line":30,"column":14}}},"fnMap":{"0":{"name":"(anonymous_0)","decl":{"start":{"line":3,"column":17},"end":{"line":3,"column":18}},"loc":{"start":{"line":3,"column":43},"end":{"line":31,"column":1}},"line":3},"1":{"name":"(anonymous_1)","decl":{"start":{"line":10,"column":4},"end":{"line":10,"column":5}},"loc":{"start":{"line":10,"column":29},"end":{"line":16,"column":5}},"line":10}},"branchMap":{},"s":{"0":3,"1":3,"2":3,"3":3,"4":3,"5":3,"6":3,"7":3},"f":{"0":3,"1":3},"b":{},"_coverageSchema":"1a1c01bbd47fc00a2c39e90264f33305004495a9","hash":"aa704219aa8e8903e649c11cd91debadeb69f367"}
,"D:\\Daihoc\\PhuongPhapPhatTrienPhanMemHuongDoiTuong\\Project\\PMS-BE\\src\\service\\AnnouncementService.js": {"path":"D:\\Daihoc\\PhuongPhapPhatTrienPhanMemHuongDoiTuong\\Project\\PMS-BE\\src\\service\\AnnouncementService.js","statementMap":{"0":{"start":{"line":3,"column":28},"end":{"line":29,"column":1}},"1":{"start":{"line":4,"column":2},"end":{"line":28,"column":3}},"2":{"start":{"line":5,"column":27},"end":{"line":16,"column":6}},"3":{"start":{"line":17,"column":4},"end":{"line":21,"column":6}},"4":{"start":{"line":23,"column":4},"end":{"line":27,"column":6}},"5":{"start":{"line":31,"column":28},"end":{"line":75,"column":1}},"6":{"start":{"line":32,"column":2},"end":{"line":74,"column":3}},"7":{"start":{"line":33,"column":4},"end":{"line":37,"column":6}},"8":{"start":{"line":39,"column":4},"end":{"line":73,"column":5}},"9":{"start":{"line":40,"column":25},"end":{"line":52,"column":8}},"10":{"start":{"line":54,"column":6},"end":{"line":66,"column":7}},"11":{"start":{"line":55,"column":8},"end":{"line":59,"column":10}},"12":{"start":{"line":61,"column":8},"end":{"line":65,"column":10}},"13":{"start":{"line":68,"column":6},"end":{"line":72,"column":8}},"14":{"start":{"line":77,"column":34},"end":{"line":121,"column":1}},"15":{"start":{"line":78,"column":2},"end":{"line":120,"column":3}},"16":{"start":{"line":79,"column":17},"end":{"line":79,"column":35}},"17":{"start":{"line":80,"column":28},"end":{"line":100,"column":6}},"18":{"start":{"line":102,"column":20},"end":{"line":102,"column":44}},"19":{"start":{"line":103,"column":15},"end":{"line":107,"column":5}},"20":{"start":{"line":109,"column":4},"end":{"line":113,"column":6}},"21":{"start":{"line":115,"column":4},"end":{"line":119,"column":6}},"22":{"start":{"line":123,"column":27},"end":{"line":173,"column":1}},"23":{"start":{"line":124,"column":2},"end":{"line":172,"column":3}},"24":{"start":{"line":133,"column":4},"end":{"line":137,"column":6}},"25":{"start":{"line":138,"column":7},"end":{"line":172,"column":3}},"26":{"start":{"line":144,"column":4},"end":{"line":148,"column":6}},"27":{"start":{"line":150,"column":4},"end":{"line":171,"column":5}},"28":{"start":{"line":151,"column":26},"end":{"line":151,"column":36}},"29":{"start":{"line":152,"column":6},"end":{"line":158,"column":9}},"30":{"start":{"line":160,"column":6},"end":{"line":164,"column":8}},"31":{"start":{"line":166,"column":6},"end":{"line":170,"column":8}},"32":{"start":{"line":175,"column":27},"end":{"line":241,"column":1}},"33":{"start":{"line":176,"column":2},"end":{"line":240,"column":3}},"34":{"start":{"line":185,"column":4},"end":{"line":189,"column":6}},"35":{"start":{"line":190,"column":7},"end":{"line":240,"column":3}},"36":{"start":{"line":196,"column":4},"end":{"line":200,"column":6}},"37":{"start":{"line":201,"column":7},"end":{"line":240,"column":3}},"38":{"start":{"line":202,"column":4},"end":{"line":206,"column":6}},"39":{"start":{"line":208,"column":4},"end":{"line":239,"column":5}},"40":{"start":{"line":209,"column":27},"end":{"line":211,"column":8}},"41":{"start":{"line":212,"column":26},"end":{"line":212,"column":36}},"42":{"start":{"line":213,"column":6},"end":{"line":232,"column":7}},"43":{"start":{"line":214,"column":8},"end":{"line":219,"column":11}},"44":{"start":{"line":221,"column":8},"end":{"line":225,"column":10}},"45":{"start":{"line":227,"column":8},"end":{"line":231,"column":10}},"46":{"start":{"line":234,"column":6},"end":{"line":238,"column":8}},"47":{"start":{"line":243,"column":27},"end":{"line":277,"column":1}},"48":{"start":{"line":244,"column":2},"end":{"line":276,"column":3}},"49":{"start":{"line":245,"column":4},"end":{"line":249,"column":6}},"50":{"start":{"line":251,"column":25},"end":{"line":253,"column":6}},"51":{"start":{"line":254,"column":4},"end":{"line":275,"column":5}},"52":{"start":{"line":255,"column":6},"end":{"line":268,"column":7}},"53":{"start":{"line":256,"column":8},"end":{"line":256,"column":37}},"54":{"start":{"line":257,"column":8},"end":{"line":261,"column":10}},"55":{"start":{"line":263,"column":8},"end":{"line":267,"column":10}},"56":{"start":{"line":270,"column":6},"end":{"line":274,"column":8}},"57":{"start":{"line":298,"column":0},"end":{"line":305,"column":2}}},"fnMap":{"0":{"name":"(anonymous_0)","decl":{"start":{"line":3,"column":28},"end":{"line":3,"column":29}},"loc":{"start":{"line":3,"column":40},"end":{"line":29,"column":1}},"line":3},"1":{"name":"(anonymous_1)","decl":{"start":{"line":31,"column":28},"end":{"line":31,"column":29}},"loc":{"start":{"line":31,"column":42},"end":{"line":75,"column":1}},"line":31},"2":{"name":"(anonymous_2)","decl":{"start":{"line":77,"column":34},"end":{"line":77,"column":35}},"loc":{"start":{"line":77,"column":70},"end":{"line":121,"column":1}},"line":77},"3":{"name":"(anonymous_3)","decl":{"start":{"line":123,"column":27},"end":{"line":123,"column":28}},"loc":{"start":{"line":123,"column":46},"end":{"line":173,"column":1}},"line":123},"4":{"name":"(anonymous_4)","decl":{"start":{"line":175,"column":27},"end":{"line":175,"column":28}},"loc":{"start":{"line":175,"column":67},"end":{"line":241,"column":1}},"line":175},"5":{"name":"(anonymous_5)","decl":{"start":{"line":243,"column":27},"end":{"line":243,"column":28}},"loc":{"start":{"line":243,"column":53},"end":{"line":277,"column":1}},"line":243}},"branchMap":{"0":{"loc":{"start":{"line":32,"column":2},"end":{"line":74,"column":3}},"type":"if","locations":[{"start":{"line":32,"column":2},"end":{"line":74,"column":3}},{"start":{"line":38,"column":7},"end":{"line":74,"column":3}}],"line":32},"1":{"loc":{"start":{"line":54,"column":6},"end":{"line":66,"column":7}},"type":"if","locations":[{"start":{"line":54,"column":6},"end":{"line":66,"column":7}},{"start":{"line":60,"column":13},"end":{"line":66,"column":7}}],"line":54},"2":{"loc":{"start":{"line":77,"column":54},"end":{"line":77,"column":65}},"type":"default-arg","locations":[{"start":{"line":77,"column":63},"end":{"line":77,"column":65}}],"line":77},"3":{"loc":{"start":{"line":124,"column":2},"end":{"line":172,"column":3}},"type":"if","locations":[{"start":{"line":124,"column":2},"end":{"line":172,"column":3}},{"start":{"line":138,"column":7},"end":{"line":172,"column":3}}],"line":124},"4":{"loc":{"start":{"line":125,"column":4},"end":{"line":131,"column":27}},"type":"binary-expr","locations":[{"start":{"line":125,"column":4},"end":{"line":125,"column":34}},{"start":{"line":126,"column":4},"end":{"line":126,"column":40}},{"start":{"line":127,"column":4},"end":{"line":127,"column":42}},{"start":{"line":128,"column":4},"end":{"line":128,"column":43}},{"start":{"line":129,"column":4},"end":{"line":129,"column":24}},{"start":{"line":130,"column":4},"end":{"line":130,"column":26}},{"start":{"line":131,"column":4},"end":{"line":131,"column":27}}],"line":125},"5":{"loc":{"start":{"line":138,"column":7},"end":{"line":172,"column":3}},"type":"if","locations":[{"start":{"line":138,"column":7},"end":{"line":172,"column":3}},{"start":{"line":149,"column":7},"end":{"line":172,"column":3}}],"line":138},"6":{"loc":{"start":{"line":139,"column":4},"end":{"line":142,"column":41}},"type":"binary-expr","locations":[{"start":{"line":139,"column":4},"end":{"line":139,"column":31}},{"start":{"line":140,"column":4},"end":{"line":140,"column":37}},{"start":{"line":141,"column":4},"end":{"line":141,"column":39}},{"start":{"line":142,"column":4},"end":{"line":142,"column":41}}],"line":139},"7":{"loc":{"start":{"line":176,"column":2},"end":{"line":240,"column":3}},"type":"if","locations":[{"start":{"line":176,"column":2},"end":{"line":240,"column":3}},{"start":{"line":190,"column":7},"end":{"line":240,"column":3}}],"line":176},"8":{"loc":{"start":{"line":177,"column":4},"end":{"line":183,"column":32}},"type":"binary-expr","locations":[{"start":{"line":177,"column":4},"end":{"line":177,"column":39}},{"start":{"line":178,"column":4},"end":{"line":178,"column":45}},{"start":{"line":179,"column":4},"end":{"line":179,"column":47}},{"start":{"line":180,"column":4},"end":{"line":180,"column":48}},{"start":{"line":181,"column":4},"end":{"line":181,"column":29}},{"start":{"line":182,"column":4},"end":{"line":182,"column":31}},{"start":{"line":183,"column":4},"end":{"line":183,"column":32}}],"line":177},"9":{"loc":{"start":{"line":190,"column":7},"end":{"line":240,"column":3}},"type":"if","locations":[{"start":{"line":190,"column":7},"end":{"line":240,"column":3}},{"start":{"line":201,"column":7},"end":{"line":240,"column":3}}],"line":190},"10":{"loc":{"start":{"line":191,"column":4},"end":{"line":194,"column":46}},"type":"binary-expr","locations":[{"start":{"line":191,"column":4},"end":{"line":191,"column":36}},{"start":{"line":192,"column":4},"end":{"line":192,"column":42}},{"start":{"line":193,"column":4},"end":{"line":193,"column":44}},{"start":{"line":194,"column":4},"end":{"line":194,"column":46}}],"line":191},"11":{"loc":{"start":{"line":201,"column":7},"end":{"line":240,"column":3}},"type":"if","locations":[{"start":{"line":201,"column":7},"end":{"line":240,"column":3}},{"start":{"line":207,"column":7},"end":{"line":240,"column":3}}],"line":201},"12":{"loc":{"start":{"line":213,"column":6},"end":{"line":232,"column":7}},"type":"if","locations":[{"start":{"line":213,"column":6},"end":{"line":232,"column":7}},{"start":{"line":226,"column":13},"end":{"line":232,"column":7}}],"line":213},"13":{"loc":{"start":{"line":244,"column":2},"end":{"line":276,"column":3}},"type":"if","locations":[{"start":{"line":244,"column":2},"end":{"line":276,"column":3}},{"start":{"line":250,"column":7},"end":{"line":276,"column":3}}],"line":244},"14":{"loc":{"start":{"line":254,"column":4},"end":{"line":275,"column":5}},"type":"if","locations":[{"start":{"line":254,"column":4},"end":{"line":275,"column":5}},{"start":{"line":269,"column":11},"end":{"line":275,"column":5}}],"line":254}},"s":{"0":1,"1":1,"2":1,"3":1,"4":0,"5":1,"6":3,"7":1,"8":2,"9":2,"10":2,"11":1,"12":1,"13":0,"14":1,"15":1,"16":1,"17":1,"18":1,"19":1,"20":1,"21":0,"22":1,"23":30,"24":6,"25":24,"26":6,"27":18,"28":18,"29":18,"30":18,"31":0,"32":1,"33":16,"34":6,"35":10,"36":6,"37":4,"38":1,"39":3,"40":3,"41":3,"42":3,"43":2,"44":2,"45":1,"46":0,"47":1,"48":20,"49":1,"50":19,"51":19,"52":18,"53":18,"54":18,"55":0,"56":1,"57":1},"f":{"0":1,"1":3,"2":1,"3":30,"4":16,"5":20},"b":{"0":[1,2],"1":[1,1],"2":[1],"3":[6,24],"4":[30,30,29,28,27,26,25],"5":[6,18],"6":[24,24,22,20],"7":[6,10],"8":[16,16,15,14,13,12,11],"9":[6,4],"10":[10,10,8,6],"11":[1,3],"12":[2,1],"13":[1,19],"14":[18,1]},"_coverageSchema":"1a1c01bbd47fc00a2c39e90264f33305004495a9","hash":"8be969f2cf16a4e81328867525e9aafd01944b87"}
,"D:\\Daihoc\\PhuongPhapPhatTrienPhanMemHuongDoiTuong\\Project\\PMS-BE\\src\\service\\ScoreService.js": {"path":"D:\\Daihoc\\PhuongPhapPhatTrienPhanMemHuongDoiTuong\\Project\\PMS-BE\\src\\service\\ScoreService.js","statementMap":{"0":{"start":{"line":3,"column":21},"end":{"line":63,"column":1}},"1":{"start":{"line":4,"column":2},"end":{"line":4,"column":20}},"2":{"start":{"line":5,"column":2},"end":{"line":62,"column":3}},"3":{"start":{"line":6,"column":20},"end":{"line":50,"column":6}},"4":{"start":{"line":51,"column":4},"end":{"line":55,"column":6}},"5":{"start":{"line":57,"column":4},"end":{"line":61,"column":6}},"6":{"start":{"line":65,"column":21},"end":{"line":86,"column":1}},"7":{"start":{"line":66,"column":2},"end":{"line":85,"column":3}},"8":{"start":{"line":67,"column":16},"end":{"line":72,"column":6}},"9":{"start":{"line":74,"column":4},"end":{"line":78,"column":6}},"10":{"start":{"line":80,"column":4},"end":{"line":84,"column":6}},"11":{"start":{"line":88,"column":27},"end":{"line":178,"column":1}},"12":{"start":{"line":89,"column":2},"end":{"line":177,"column":3}},"13":{"start":{"line":90,"column":17},"end":{"line":90,"column":35}},"14":{"start":{"line":91,"column":28},"end":{"line":157,"column":6}},"15":{"start":{"line":159,"column":20},"end":{"line":159,"column":44}},"16":{"start":{"line":160,"column":15},"end":{"line":164,"column":5}},"17":{"start":{"line":166,"column":4},"end":{"line":170,"column":6}},"18":{"start":{"line":172,"column":4},"end":{"line":176,"column":6}},"19":{"start":{"line":198,"column":20},"end":{"line":220,"column":1}},"20":{"start":{"line":199,"column":2},"end":{"line":219,"column":3}},"21":{"start":{"line":200,"column":30},"end":{"line":202,"column":6}},"22":{"start":{"line":203,"column":4},"end":{"line":207,"column":5}},"23":{"start":{"line":204,"column":6},"end":{"line":206,"column":9}},"24":{"start":{"line":208,"column":4},"end":{"line":212,"column":6}},"25":{"start":{"line":214,"column":4},"end":{"line":218,"column":6}},"26":{"start":{"line":244,"column":0},"end":{"line":249,"column":2}}},"fnMap":{"0":{"name":"(anonymous_0)","decl":{"start":{"line":3,"column":21},"end":{"line":3,"column":22}},"loc":{"start":{"line":3,"column":33},"end":{"line":63,"column":1}},"line":3},"1":{"name":"(anonymous_1)","decl":{"start":{"line":65,"column":21},"end":{"line":65,"column":22}},"loc":{"start":{"line":65,"column":35},"end":{"line":86,"column":1}},"line":65},"2":{"name":"(anonymous_2)","decl":{"start":{"line":88,"column":27},"end":{"line":88,"column":28}},"loc":{"start":{"line":88,"column":63},"end":{"line":178,"column":1}},"line":88},"3":{"name":"(anonymous_3)","decl":{"start":{"line":198,"column":20},"end":{"line":198,"column":21}},"loc":{"start":{"line":198,"column":55},"end":{"line":220,"column":1}},"line":198}},"branchMap":{"0":{"loc":{"start":{"line":88,"column":47},"end":{"line":88,"column":58}},"type":"default-arg","locations":[{"start":{"line":88,"column":56},"end":{"line":88,"column":58}}],"line":88},"1":{"loc":{"start":{"line":203,"column":4},"end":{"line":207,"column":5}},"type":"if","locations":[{"start":{"line":203,"column":4},"end":{"line":207,"column":5}},{"start":{},"end":{}}],"line":203}},"s":{"0":1,"1":0,"2":0,"3":0,"4":0,"5":0,"6":1,"7":0,"8":0,"9":0,"10":0,"11":1,"12":0,"13":0,"14":0,"15":0,"16":0,"17":0,"18":0,"19":1,"20":0,"21":0,"22":0,"23":0,"24":0,"25":0,"26":1},"f":{"0":0,"1":0,"2":0,"3":0},"b":{"0":[0],"1":[0,0]},"_coverageSchema":"1a1c01bbd47fc00a2c39e90264f33305004495a9","hash":"df641b9d97e0cc684176477281e2a98eb8235c48"}
,"D:\\Daihoc\\PhuongPhapPhatTrienPhanMemHuongDoiTuong\\Project\\PMS-BE\\src\\service\\TeacherService.js": {"path":"D:\\Daihoc\\PhuongPhapPhatTrienPhanMemHuongDoiTuong\\Project\\PMS-BE\\src\\service\\TeacherService.js","statementMap":{"0":{"start":{"line":3,"column":23},"end":{"line":27,"column":1}},"1":{"start":{"line":4,"column":2},"end":{"line":26,"column":3}},"2":{"start":{"line":5,"column":22},"end":{"line":14,"column":6}},"3":{"start":{"line":15,"column":4},"end":{"line":19,"column":6}},"4":{"start":{"line":21,"column":4},"end":{"line":25,"column":6}},"5":{"start":{"line":29,"column":0},"end":{"line":31,"column":2}}},"fnMap":{"0":{"name":"(anonymous_0)","decl":{"start":{"line":3,"column":23},"end":{"line":3,"column":24}},"loc":{"start":{"line":3,"column":35},"end":{"line":27,"column":1}},"line":3}},"branchMap":{},"s":{"0":1,"1":1,"2":1,"3":1,"4":0,"5":1},"f":{"0":1},"b":{},"_coverageSchema":"1a1c01bbd47fc00a2c39e90264f33305004495a9","hash":"725908c2cc7e46a3b1b8a9c04c527ee94d1a4796"}
}
