TN:
SF:src\models\academicaffair.js
FN:3,(anonymous_0)
FN:10,(anonymous_1)
FNF:2
FNH:2
FNDA:3,(anonymous_0)
FNDA:3,(anonymous_1)
DA:2,3
DA:3,3
DA:12,3
DA:13,3
DA:16,3
DA:28,3
LF:6
LH:6
BRF:0
BRH:0
end_of_record
TN:
SF:src\models\account.js
FN:3,(anonymous_0)
FN:10,(anonymous_1)
FNF:2
FNH:2
FNDA:3,(anonymous_0)
FNDA:3,(anonymous_1)
DA:2,3
DA:3,3
DA:12,3
DA:15,3
DA:28,3
LF:5
LH:5
BRF:0
BRH:0
end_of_record
TN:
SF:src\models\announcement.js
FN:3,(anonymous_0)
FN:10,(anonymous_1)
FNF:2
FNH:2
FNDA:3,(anonymous_0)
FNDA:3,(anonymous_1)
DA:2,3
DA:3,3
DA:14,3
DA:27,3
LF:4
LH:4
BRF:0
BRH:0
end_of_record
TN:
SF:src\models\implementation.js
FN:3,(anonymous_0)
FN:10,(anonymous_1)
FNF:2
FNH:2
FNDA:3,(anonymous_0)
FNDA:3,(anonymous_1)
DA:2,3
DA:3,3
DA:12,3
DA:16,3
DA:20,3
DA:23,3
DA:36,3
LF:7
LH:7
BRF:0
BRH:0
end_of_record
TN:
SF:src\models\index.js
FN:21,(anonymous_0)
FN:29,(anonymous_1)
FN:34,(anonymous_2)
FNF:3
FNH:3
FNDA:33,(anonymous_0)
FNDA:30,(anonymous_1)
FNDA:30,(anonymous_2)
DA:3,3
DA:4,3
DA:5,3
DA:6,3
DA:7,3
DA:8,3
DA:9,3
DA:10,3
DA:13,3
DA:14,0
DA:16,3
DA:19,3
DA:22,33
DA:30,30
DA:31,30
DA:34,3
DA:35,30
DA:36,30
DA:40,3
DA:41,3
DA:43,3
LF:21
LH:20
BRDA:8,0,0,3
BRDA:8,0,1,0
BRDA:13,1,0,0
BRDA:13,1,1,3
BRDA:23,2,0,33
BRDA:23,2,1,33
BRDA:23,2,2,30
BRDA:23,2,3,30
BRDA:35,3,0,30
BRDA:35,3,1,0
BRF:10
BRH:7
end_of_record
TN:
SF:src\models\jwtdata.js
FN:5,(anonymous_0)
FN:12,(anonymous_1)
FNF:2
FNH:2
FNDA:3,(anonymous_0)
FNDA:3,(anonymous_1)
DA:4,3
DA:5,3
DA:16,3
DA:22,3
LF:4
LH:4
BRF:0
BRH:0
end_of_record
TN:
SF:src\models\project.js
FN:3,(anonymous_0)
FN:10,(anonymous_1)
FNF:2
FNH:2
FNDA:3,(anonymous_0)
FNDA:3,(anonymous_1)
DA:2,3
DA:3,3
DA:12,3
DA:13,3
DA:16,3
DA:32,3
LF:6
LH:6
BRF:0
BRH:0
end_of_record
TN:
SF:src\models\report.js
FN:3,(anonymous_0)
FN:10,(anonymous_1)
FNF:2
FNH:2
FNDA:3,(anonymous_0)
FNDA:3,(anonymous_1)
DA:2,3
DA:3,3
DA:12,3
DA:15,3
DA:28,3
LF:5
LH:5
BRF:0
BRH:0
end_of_record
TN:
SF:src\models\student.js
FN:3,(anonymous_0)
FN:10,(anonymous_1)
FNF:2
FNH:2
FNDA:3,(anonymous_0)
FNDA:3,(anonymous_1)
DA:2,3
DA:3,3
DA:12,3
DA:13,3
DA:16,3
DA:29,3
LF:6
LH:6
BRF:0
BRH:0
end_of_record
TN:
SF:src\models\teacher.js
FN:3,(anonymous_0)
FN:10,(anonymous_1)
FNF:2
FNH:2
FNDA:3,(anonymous_0)
FNDA:3,(anonymous_1)
DA:2,3
DA:3,3
DA:12,3
DA:13,3
DA:16,3
DA:28,3
LF:6
LH:6
BRF:0
BRH:0
end_of_record
TN:
SF:src\models\user.js
FN:3,(anonymous_0)
FN:10,(anonymous_1)
FNF:2
FNH:2
FNDA:3,(anonymous_0)
FNDA:3,(anonymous_1)
DA:2,3
DA:3,3
DA:12,3
DA:13,3
DA:14,3
DA:15,3
DA:18,3
DA:30,3
LF:8
LH:8
BRF:0
BRH:0
end_of_record
TN:
SF:src\service\AnnouncementService.js
FN:3,(anonymous_0)
FN:31,(anonymous_1)
FN:77,(anonymous_2)
FN:123,(anonymous_3)
FN:175,(anonymous_4)
FN:243,(anonymous_5)
FNF:6
FNH:6
FNDA:1,(anonymous_0)
FNDA:3,(anonymous_1)
FNDA:1,(anonymous_2)
FNDA:30,(anonymous_3)
FNDA:16,(anonymous_4)
FNDA:20,(anonymous_5)
DA:3,1
DA:4,1
DA:5,1
DA:17,1
DA:23,0
DA:31,1
DA:32,3
DA:33,1
DA:39,2
DA:40,2
DA:54,2
DA:55,1
DA:61,1
DA:68,0
DA:77,1
DA:78,1
DA:79,1
DA:80,1
DA:102,1
DA:103,1
DA:109,1
DA:115,0
DA:123,1
DA:124,30
DA:133,6
DA:138,24
DA:144,6
DA:150,18
DA:151,18
DA:152,18
DA:160,18
DA:166,0
DA:175,1
DA:176,16
DA:185,6
DA:190,10
DA:196,6
DA:201,4
DA:202,1
DA:208,3
DA:209,3
DA:212,3
DA:213,3
DA:214,2
DA:221,2
DA:227,1
DA:234,0
DA:243,1
DA:244,20
DA:245,1
DA:251,19
DA:254,19
DA:255,18
DA:256,18
DA:257,18
DA:263,0
DA:270,1
DA:298,1
LF:58
LH:52
BRDA:32,0,0,1
BRDA:32,0,1,2
BRDA:54,1,0,1
BRDA:54,1,1,1
BRDA:77,2,0,1
BRDA:124,3,0,6
BRDA:124,3,1,24
BRDA:125,4,0,30
BRDA:125,4,1,30
BRDA:125,4,2,29
BRDA:125,4,3,28
BRDA:125,4,4,27
BRDA:125,4,5,26
BRDA:125,4,6,25
BRDA:138,5,0,6
BRDA:138,5,1,18
BRDA:139,6,0,24
BRDA:139,6,1,24
BRDA:139,6,2,22
BRDA:139,6,3,20
BRDA:176,7,0,6
BRDA:176,7,1,10
BRDA:177,8,0,16
BRDA:177,8,1,16
BRDA:177,8,2,15
BRDA:177,8,3,14
BRDA:177,8,4,13
BRDA:177,8,5,12
BRDA:177,8,6,11
BRDA:190,9,0,6
BRDA:190,9,1,4
BRDA:191,10,0,10
BRDA:191,10,1,10
BRDA:191,10,2,8
BRDA:191,10,3,6
BRDA:201,11,0,1
BRDA:201,11,1,3
BRDA:213,12,0,2
BRDA:213,12,1,1
BRDA:244,13,0,1
BRDA:244,13,1,19
BRDA:254,14,0,18
BRDA:254,14,1,1
BRF:43
BRH:43
end_of_record
TN:
SF:src\service\ScoreService.js
FN:3,(anonymous_0)
FN:65,(anonymous_1)
FN:88,(anonymous_2)
FN:198,(anonymous_3)
FNF:4
FNH:0
FNDA:0,(anonymous_0)
FNDA:0,(anonymous_1)
FNDA:0,(anonymous_2)
FNDA:0,(anonymous_3)
DA:3,1
DA:4,0
DA:5,0
DA:6,0
DA:51,0
DA:57,0
DA:65,1
DA:66,0
DA:67,0
DA:74,0
DA:80,0
DA:88,1
DA:89,0
DA:90,0
DA:91,0
DA:159,0
DA:160,0
DA:166,0
DA:172,0
DA:198,1
DA:199,0
DA:200,0
DA:203,0
DA:204,0
DA:208,0
DA:214,0
DA:244,1
LF:27
LH:5
BRDA:88,0,0,0
BRDA:203,1,0,0
BRDA:203,1,1,0
BRF:3
BRH:0
end_of_record
TN:
SF:src\service\TeacherService.js
FN:3,(anonymous_0)
FNF:1
FNH:1
FNDA:1,(anonymous_0)
DA:3,1
DA:4,1
DA:5,1
DA:15,1
DA:21,0
DA:29,1
LF:6
LH:5
BRF:0
BRH:0
end_of_record
